
/home/runner/work/exp-kerberos-protocol-au/exp-kerberos-protocol-au/experiment/simulation/js/app.342948c2.js
  1:125    warning  'e' is defined but never used           no-unused-vars
  1:127    warning  't' is defined but never used           no-unused-vars
  1:3739   warning  'e' is defined but never used           no-unused-vars
  1:4071   warning  'e' is defined but never used           no-unused-vars
  1:4402   warning  'e' is defined but never used           no-unused-vars
  1:4734   warning  'e' is defined but never used           no-unused-vars
  1:5228   warning  's' is defined but never used           no-unused-vars
  1:5230   warning  'r' is defined but never used           no-unused-vars
  1:5232   warning  'l' is defined but never used           no-unused-vars
  1:6386   warning  't' is defined but never used           no-unused-vars
  1:6388   warning  'n' is defined but never used           no-unused-vars
  1:6390   warning  'o' is defined but never used           no-unused-vars
  1:6392   warning  's' is defined but never used           no-unused-vars
  1:6394   warning  'r' is defined but never used           no-unused-vars
  1:11894  warning  's' is defined but never used           no-unused-vars
  1:11896  warning  'r' is defined but never used           no-unused-vars
  1:11898  warning  'l' is defined but never used           no-unused-vars
  1:17423  warning  'e' is defined but never used           no-unused-vars
  1:17425  warning  't' is defined but never used           no-unused-vars
  1:19263  warning  'i' is assigned a value but never used  no-unused-vars

/home/runner/work/exp-kerberos-protocol-au/exp-kerberos-protocol-au/experiment/simulation/js/app.70708323.js
  1:125    warning  't' is defined but never used           no-unused-vars
  1:127    warning  'e' is defined but never used           no-unused-vars
  1:3546   warning  't' is defined but never used           no-unused-vars
  1:3878   warning  't' is defined but never used           no-unused-vars
  1:4209   warning  't' is defined but never used           no-unused-vars
  1:4541   warning  't' is defined but never used           no-unused-vars
  1:5035   warning  's' is defined but never used           no-unused-vars
  1:5037   warning  'r' is defined but never used           no-unused-vars
  1:5039   warning  'l' is defined but never used           no-unused-vars
  1:6192   warning  'e' is defined but never used           no-unused-vars
  1:6194   warning  'n' is defined but never used           no-unused-vars
  1:6196   warning  'o' is defined but never used           no-unused-vars
  1:6198   warning  's' is defined but never used           no-unused-vars
  1:6200   warning  'r' is defined but never used           no-unused-vars
  1:11699  warning  's' is defined but never used           no-unused-vars
  1:11701  warning  'r' is defined but never used           no-unused-vars
  1:11703  warning  'l' is defined but never used           no-unused-vars
  1:17228  warning  't' is defined but never used           no-unused-vars
  1:17230  warning  'e' is defined but never used           no-unused-vars
  1:19068  warning  'i' is assigned a value but never used  no-unused-vars

/home/runner/work/exp-kerberos-protocol-au/exp-kerberos-protocol-au/experiment/simulation/js/chunk-vendors.c61a349e.js
  1:1813   warning  Empty block statement                                                            no-empty
  1:3883   warning  Do not access Object.prototype method 'hasOwnProperty' from target object        no-prototype-builtins
  1:5407   warning  Do not access Object.prototype method 'propertyIsEnumerable' from target object  no-prototype-builtins
  1:6037   warning  'b.get' is assigned to itself                                                    no-self-assign
  1:6049   warning  'b.has' is assigned to itself                                                    no-self-assign
  1:6061   warning  'b.set' is assigned to itself                                                    no-self-assign
  1:8223   warning  Empty block statement                                                            no-empty
  1:9006   warning  Empty block statement                                                            no-empty
  1:9311   warning  Empty block statement                                                            no-empty
  1:13496  warning  'e' is defined but never used                                                    no-unused-vars
  1:13915  warning  'e' is defined but never used                                                    no-unused-vars
  1:16594  warning  't' is defined but never used                                                    no-unused-vars
  1:16694  warning  'i' is defined but never used                                                    no-unused-vars
  1:16696  warning  's' is defined but never used                                                    no-unused-vars
  1:17381  warning  't' is defined but never used                                                    no-unused-vars
  1:18063  warning  Do not access Object.prototype method 'hasOwnProperty' from target object        no-prototype-builtins
  1:19235  warning  'e' is defined but never used                                                    no-unused-vars
  1:19237  warning  't' is defined but never used                                                    no-unused-vars
  1:19265  warning  'e' is defined but never used                                                    no-unused-vars
  1:19267  warning  't' is defined but never used                                                    no-unused-vars
  1:20908  warning  't' is defined but never used                                                    no-unused-vars
  1:23004  warning  't' is defined but never used                                                    no-unused-vars
  1:25631  warning  'r' is assigned a value but never used                                           no-unused-vars
  1:26314  warning  'e' is defined but never used                                                    no-unused-vars
  1:27992  warning  'n' is defined but never used                                                    no-unused-vars
  1:30184  warning  'u' is assigned a value but never used                                           no-unused-vars
  1:30196  warning  'a' is assigned a value but never used                                           no-unused-vars
  1:32565  warning  'e' is assigned a value but never used                                           no-unused-vars
  1:35086  warning  'de' is defined but never used                                                   no-unused-vars
  1:35549  warning  'ye' is defined but never used                                                   no-unused-vars
  1:35600  warning  'be' is defined but never used                                                   no-unused-vars
  1:36615  warning  'n' is assigned a value but never used                                           no-unused-vars
  1:39691  warning  'b' is assigned a value but never used                                           no-unused-vars
  1:39719  warning  'w' is assigned a value but never used                                           no-unused-vars
  1:39867  warning  'T' is assigned a value but never used                                           no-unused-vars
  1:40324  warning  Setter cannot return a value                                                     no-setter-return
  1:40764  warning  Setter cannot return a value                                                     no-setter-return
  1:40924  warning  'n' is assigned a value but never used                                           no-unused-vars
  1:41164  warning  Setter cannot return a value                                                     no-setter-return
  1:45567  warning  'n' is defined but never used                                                    no-unused-vars
  1:63071  warning  'n' is defined but never used                                                    no-unused-vars
  1:65175  warning  Unexpected constant condition                                                    no-constant-condition
  1:66400  warning  'i' is defined but never used                                                    no-unused-vars
  1:67435  warning  Expected a conditional expression and instead saw an assignment                  no-cond-assign
  1:77133  warning  Do not access Object.prototype method 'hasOwnProperty' from target object        no-prototype-builtins
  1:77155  warning  Do not access Object.prototype method 'hasOwnProperty' from target object        no-prototype-builtins
  7:1877   warning  Unnecessary escape character: \/                                                 no-useless-escape
  7:3105   warning  't' is defined but never used                                                    no-unused-vars
  7:10477  warning  Empty block statement                                                            no-empty
  7:14583  warning  'i' is defined but never used                                                    no-unused-vars
  7:20039  warning  'e' is defined but never used                                                    no-unused-vars

✖ 91 problems (0 errors, 91 warnings)

